1593712552337:ddd
1593714523616:ff
1593714540739:Login command
1593714550166:p
1593714586509:l
1593714592260:p
1593714621474:Q
1593715190384:l
1593715204362:g
1593715225167:login
1593715237454:sg
1593715313599:l
1593715319089:g
1593715633695:l
1593715641475:g
1593715652200:Y
1593715706703:l
1593715712043:g
1593715729179:Y
1593715741671:g
1593715775354:Y
1593715781715:l
1593715788294:Y
1593716327431:Н
1593716330523:Y
1593716342382:g
1593716349450:l
1593716359901:Y
1593716363123:g
1593716583064:Y
1593716590975:g
1593716594890:l
1593716602241:Y
1593716605107:g
1593716618444:Y
1593716666992:l
1593716670897:g
1593716781289:п
1593716783443:g
1593716791129:l
1593716797746:g
1593716808412:Y
1593716948689:g
1593716952405:l
1593716958654:Y
1593716962613:g
1593716971920:Y
1593716982436:g
1593716989925:Y
